# JRE version: OpenJDK Runtime Environment (8.0_212) (build 1.8.0_212-release-1586-b4-5784211)
# Java VM: OpenJDK 64-Bit Server VM (25.212-b4-5784211 mixed mode linux-amd64 compressed oops)
Heap:
 PSYoungGen      total 398336K, used 41114K [0x00000000e0000000, 0x00000000fc100000, 0x0000000100000000)
  eden space 346624K, 0% used [0x00000000e0000000,0x00000000e0000000,0x00000000f5280000)
  from space 51712K, 79% used [0x00000000f5280000,0x00000000f7aa6960,0x00000000f8500000)
  to   space 47104K, 0% used [0x00000000f8500000,0x00000000f8500000,0x00000000fb300000)
 ParOldGen       total 99328K, used 51282K [0x00000000a0000000, 0x00000000a6100000, 0x00000000e0000000)
  object space 99328K, 51% used [0x00000000a0000000,0x00000000a32149f0,0x00000000a6100000)
 Metaspace       used 100278K, capacity 104554K, committed 105088K, reserved 1140736K
  class space    used 13006K, capacity 13841K, committed 13952K, reserved 1048576K
GC Heap History (10 events):
Event: 3651.993 GC heap after
Heap after GC invocations=24 (full 4):
 PSYoungGen      total 300544K, used 18518K [0x00000000e0000000, 0x00000000f4780000, 0x0000000100000000)
  eden space 266240K, 0% used [0x00000000e0000000,0x00000000e0000000,0x00000000f0400000)
  from space 34304K, 53% used [0x00000000f2480000,0x00000000f3695a20,0x00000000f4600000)
  to   space 33280K, 0% used [0x00000000f0400000,0x00000000f0400000,0x00000000f2480000)
 ParOldGen       total 99328K, used 44147K [0x00000000a0000000, 0x00000000a6100000, 0x00000000e0000000)
  object space 99328K, 44% used [0x00000000a0000000,0x00000000a2b1cd68,0x00000000a6100000)
 Metaspace       used 99461K, capacity 103616K, committed 104064K, reserved 1138688K
  class space    used 13000K, capacity 13806K, committed 13952K, reserved 1048576K
}
Event: 3654.209 GC heap before
{Heap before GC invocations=25 (full 4):
 PSYoungGen      total 300544K, used 284758K [0x00000000e0000000, 0x00000000f4780000, 0x0000000100000000)
  eden space 266240K, 100% used [0x00000000e0000000,0x00000000f0400000,0x00000000f0400000)
  from space 34304K, 53% used [0x00000000f2480000,0x00000000f3695a20,0x00000000f4600000)
  to   space 33280K, 0% used [0x00000000f0400000,0x00000000f0400000,0x00000000f2480000)
 ParOldGen       total 99328K, used 44147K [0x00000000a0000000, 0x00000000a6100000, 0x00000000e0000000)
  object space 99328K, 44% used [0x00000000a0000000,0x00000000a2b1cd68,0x00000000a6100000)
 Metaspace       used 99772K, capacity 103964K, committed 104576K, reserved 1140736K
  class space    used 13004K, capacity 13808K, committed 13952K, reserved 1048576K
Event: 3654.271 GC heap after
Heap after GC invocations=25 (full 4):
 PSYoungGen      total 299520K, used 24939K [0x00000000e0000000, 0x00000000f6d80000, 0x0000000100000000)
  eden space 266240K, 0% used [0x00000000e0000000,0x00000000e0000000,0x00000000f0400000)
  from space 33280K, 74% used [0x00000000f0400000,0x00000000f1c5ac98,0x00000000f2480000)
  to   space 35328K, 0% used [0x00000000f4b00000,0x00000000f4b00000,0x00000000f6d80000)
 ParOldGen       total 99328K, used 44147K [0x00000000a0000000, 0x00000000a6100000, 0x00000000e0000000)
  object space 99328K, 44% used [0x00000000a0000000,0x00000000a2b1cd68,0x00000000a6100000)
 Metaspace       used 99772K, capacity 103964K, committed 104576K, reserved 1140736K
  class space    used 13004K, capacity 13808K, committed 13952K, reserved 1048576K
}
Event: 3656.307 GC heap before
{Heap before GC invocations=26 (full 4):
 PSYoungGen      total 299520K, used 291179K [0x00000000e0000000, 0x00000000f6d80000, 0x0000000100000000)
  eden space 266240K, 100% used [0x00000000e0000000,0x00000000f0400000,0x00000000f0400000)
  from space 33280K, 74% used [0x00000000f0400000,0x00000000f1c5ac98,0x00000000f2480000)
  to   space 35328K, 0% used [0x00000000f4b00000,0x00000000f4b00000,0x00000000f6d80000)
 ParOldGen       total 99328K, used 44147K [0x00000000a0000000, 0x00000000a6100000, 0x00000000e0000000)
  object space 99328K, 44% used [0x00000000a0000000,0x00000000a2b1cd68,0x00000000a6100000)
 Metaspace       used 99993K, capacity 104232K, committed 104576K, reserved 1140736K
  class space    used 13006K, capacity 13840K, committed 13952K, reserved 1048576K
Event: 3656.491 GC heap after
Heap after GC invocations=26 (full 4):
 PSYoungGen      total 331264K, used 35301K [0x00000000e0000000, 0x00000000f8800000, 0x0000000100000000)
  eden space 295936K, 0% used [0x00000000e0000000,0x00000000e0000000,0x00000000f2100000)
  from space 35328K, 99% used [0x00000000f4b00000,0x00000000f6d79518,0x00000000f6d80000)
  to   space 43008K, 0% used [0x00000000f2100000,0x00000000f2100000,0x00000000f4b00000)
 ParOldGen       total 99328K, used 51258K [0x00000000a0000000, 0x00000000a6100000, 0x00000000e0000000)
  object space 99328K, 51% used [0x00000000a0000000,0x00000000a320e9f0,0x00000000a6100000)
 Metaspace       used 99993K, capacity 104232K, committed 104576K, reserved 1140736K
  class space    used 13006K, capacity 13840K, committed 13952K, reserved 1048576K
}
Event: 3658.848 GC heap before
{Heap before GC invocations=27 (full 4):
 PSYoungGen      total 331264K, used 331237K [0x00000000e0000000, 0x00000000f8800000, 0x0000000100000000)
  eden space 295936K, 100% used [0x00000000e0000000,0x00000000f2100000,0x00000000f2100000)
  from space 35328K, 99% used [0x00000000f4b00000,0x00000000f6d79518,0x00000000f6d80000)
  to   space 43008K, 0% used [0x00000000f2100000,0x00000000f2100000,0x00000000f4b00000)
 ParOldGen       total 99328K, used 51258K [0x00000000a0000000, 0x00000000a6100000, 0x00000000e0000000)
  object space 99328K, 51% used [0x00000000a0000000,0x00000000a320e9f0,0x00000000a6100000)
 Metaspace       used 100140K, capacity 104392K, committed 104832K, reserved 1140736K
  class space    used 13006K, capacity 13840K, committed 13952K, reserved 1048576K
Event: 3658.946 GC heap after
Heap after GC invocations=27 (full 4):
 PSYoungGen      total 338944K, used 36626K [0x00000000e0000000, 0x00000000fb300000, 0x0000000100000000)
  eden space 295936K, 0% used [0x00000000e0000000,0x00000000e0000000,0x00000000f2100000)
  from space 43008K, 85% used [0x00000000f2100000,0x00000000f44c4a80,0x00000000f4b00000)
  to   space 47104K, 0% used [0x00000000f8500000,0x00000000f8500000,0x00000000fb300000)
 ParOldGen       total 99328K, used 51266K [0x00000000a0000000, 0x00000000a6100000, 0x00000000e0000000)
  object space 99328K, 51% used [0x00000000a0000000,0x00000000a32109f0,0x00000000a6100000)
 Metaspace       used 100140K, capacity 104392K, committed 104832K, reserved 1140736K
  class space    used 13006K, capacity 13840K, committed 13952K, reserved 1048576K
}
Event: 3662.229 GC heap before
{Heap before GC invocations=28 (full 4):
 PSYoungGen      total 338944K, used 332562K [0x00000000e0000000, 0x00000000fb300000, 0x0000000100000000)
  eden space 295936K, 100% used [0x00000000e0000000,0x00000000f2100000,0x00000000f2100000)
  from space 43008K, 85% used [0x00000000f2100000,0x00000000f44c4a80,0x00000000f4b00000)
  to   space 47104K, 0% used [0x00000000f8500000,0x00000000f8500000,0x00000000fb300000)
 ParOldGen       total 99328K, used 51266K [0x00000000a0000000, 0x00000000a6100000, 0x00000000e0000000)
  object space 99328K, 51% used [0x00000000a0000000,0x00000000a32109f0,0x00000000a6100000)
 Metaspace       used 100258K, capacity 104554K, committed 105088K, reserved 1140736K
  class space    used 13006K, capacity 13841K, committed 13952K, reserved 1048576K
Event: 3666.509 GC heap after
Heap after GC invocations=28 (full 4):
 PSYoungGen      total 393728K, used 40513K [0x00000000e0000000, 0x00000000fc100000, 0x0000000100000000)
  eden space 346624K, 0% used [0x00000000e0000000,0x00000000e0000000,0x00000000f5280000)
  from space 47104K, 86% used [0x00000000f8500000,0x00000000fac907a8,0x00000000fb300000)
  to   space 51712K, 0% used [0x00000000f5280000,0x00000000f5280000,0x00000000f8500000)
 ParOldGen       total 99328K, used 51282K [0x00000000a0000000, 0x00000000a6100000, 0x00000000e0000000)
  object space 99328K, 51% used [0x00000000a0000000,0x00000000a32149f0,0x00000000a6100000)
 Metaspace       used 100258K, capacity 104554K, committed 105088K, reserved 1140736K
  class space    used 13006K, capacity 13841K, committed 13952K, reserved 1048576K
}
Event: 3681.929 GC heap before
{Heap before GC invocations=29 (full 4):
 PSYoungGen      total 393728K, used 387137K [0x00000000e0000000, 0x00000000fc100000, 0x0000000100000000)
  eden space 346624K, 100% used [0x00000000e0000000,0x00000000f5280000,0x00000000f5280000)
  from space 47104K, 86% used [0x00000000f8500000,0x00000000fac907a8,0x00000000fb300000)
  to   space 51712K, 0% used [0x00000000f5280000,0x00000000f5280000,0x00000000f8500000)
 ParOldGen       total 99328K, used 51282K [0x00000000a0000000, 0x00000000a6100000, 0x00000000e0000000)
  object space 99328K, 51% used [0x00000000a0000000,0x00000000a32149f0,0x00000000a6100000)
 Metaspace       used 100278K, capacity 104554K, committed 105088K, reserved 1140736K
  class space    used 13006K, capacity 13841K, committed 13952K, reserved 1048576K

